{"context":{"PATH":"/home/seger/bin:/usr/local/sbin:/usr/local/bin:/usr/sbin:/usr/bin:/sbin:/bin:/usr/games:/usr/local/games:/snap/bin:/snap/bin"},"level":"info","message":"path","timestamp":"2024-04-26T12:28:19.900Z"}
{"level":"info","message":"platform: linux","timestamp":"2024-04-26T12:28:19.902Z"}
{"level":"info","message":"os release: 6.5.0-28-generic","timestamp":"2024-04-26T12:28:19.902Z"}
{"level":"info","message":"trying to get port","timestamp":"2024-04-26T12:28:20.037Z"}
{"context":{"port":3500},"level":"info","message":"received unused port","timestamp":"2024-04-26T12:28:20.042Z"}
{"level":"info","message":"starting server...","timestamp":"2024-04-26T12:28:20.042Z"}
{"context":{"localesPath":"/opt/ExpressLRS Configurator/resources/i18n/locales"},"level":"info","message":"localesPath","timestamp":"2024-04-26T12:28:20.049Z"}
{"context":{"PATH":"/home/seger/bin:/usr/local/sbin:/usr/local/bin:/usr/sbin:/usr/bin:/sbin:/bin:/usr/games:/usr/local/games:/snap/bin:/snap/bin"},"level":"info","message":"local api server PATH","timestamp":"2024-04-26T12:28:20.050Z"}
{"level":"info","message":"server started","timestamp":"2024-04-26T12:28:20.187Z"}
{"context":{"arg":{"buildInProgress":false}},"level":"info","message":"received a request to update build status","timestamp":"2024-04-26T12:28:21.058Z"}
{"context":{"strategy":"BinaryFlashingStrategy"},"level":"info","message":"picked flashing strategy","timestamp":"2024-04-26T12:28:21.839Z"}
{"context":{"gitPath":"/usr/bin/git"},"level":"info","message":"git path","timestamp":"2024-04-26T12:28:21.855Z"}
{"context":{"strategy":"BinaryFlashingStrategy"},"level":"info","message":"picked flashing strategy","timestamp":"2024-04-26T12:31:21.510Z"}
{"context":{"gitPath":"/usr/bin/git"},"level":"info","message":"git path","timestamp":"2024-04-26T12:31:21.519Z"}
{"context":{"strategy":"BinaryFlashingStrategy"},"level":"info","message":"picked flashing strategy","timestamp":"2024-04-26T12:32:23.430Z"}
{"context":{"gitPath":"/usr/bin/git"},"level":"info","message":"git path","timestamp":"2024-04-26T12:32:23.451Z"}
{"context":{"config":{"firmware":"Unified_ESP32_2400_RX","frequency":2400,"layout_file":"Generic 2400 True Diversity PA.json","lua_name":"HM EP Dual 2400","min_version":"3.0.0","platform":"esp32","prior_target_name":"HappyModel_EP_Dual_2400_RX","product_name":"HappyModel EP Dual 2.4GHz RX","type":"RX","upload_methods":["uart","wifi","betaflight"]},"target":"happymodel.rx_2400.ep-dual"},"level":"info","message":"device config","timestamp":"2024-04-26T12:32:23.750Z"}
{"context":{"strategy":"BinaryFlashingStrategy"},"level":"info","message":"picked flashing strategy","timestamp":"2024-04-26T12:32:25.890Z"}
{"context":{"gitPath":"/usr/bin/git"},"level":"info","message":"git path","timestamp":"2024-04-26T12:32:25.901Z"}
{"context":{"config":{"firmware":"Unified_ESP32_2400_RX","frequency":2400,"layout_file":"Generic 2400 True Diversity PA.json","lua_name":"HM EP Dual 2400","min_version":"3.0.0","platform":"esp32","prior_target_name":"HappyModel_EP_Dual_2400_RX","product_name":"HappyModel EP Dual 2.4GHz RX","type":"RX","upload_methods":["uart","wifi","betaflight"]},"target":"happymodel.rx_2400.ep-dual"},"level":"info","message":"device config","timestamp":"2024-04-26T12:32:26.001Z"}
{"context":{"strategy":"BinaryFlashingStrategy"},"level":"info","message":"picked flashing strategy","timestamp":"2024-04-26T12:34:07.526Z"}
{"context":{"gitRepositoryUrl":"https://github.com/ExpressLRS/ExpressLRS","params":{"erase":false,"firmware":{"gitBranch":"","gitCommit":"","gitPullRequest":null,"gitTag":"3.3.2","localPath":"","source":"GitRelease"},"forceFlash":false,"target":"happymodel.rx_2400.ep-dual.wifi","type":"Flash","userDefines":[{"enabled":true,"enumValues":null,"key":"DMY_BINDING_PHRASE","type":"Text","value":"***"},{"enabled":true,"enumValues":null,"key":"DRegulatory_Domain_EU_CE_2400","type":"Boolean","value":""},{"enabled":false,"enumValues":null,"key":"DRegulatory_Domain_ISM_2400","type":"Boolean","value":""},{"enabled":false,"enumValues":null,"key":"DHOME_WIFI_SSID","type":"Text","value":"***"},{"enabled":false,"enumValues":null,"key":"DHOME_WIFI_PASSWORD","type":"Text","value":"***"},{"enabled":true,"enumValues":null,"key":"DAUTO_WIFI_ON_INTERVAL","type":"Text","value":"20"},{"enabled":false,"enumValues":null,"key":"DRCVR_UART_BAUD","type":"Text","value":"420000"},{"enabled":true,"enumValues":null,"key":"DLOCK_ON_FIRST_CONNECTION","type":"Boolean","value":""}],"userDefinesMode":"UserInterface","userDefinesTxt":""}},"level":"info","message":"received build firmware request","timestamp":"2024-04-26T12:34:07.530Z"}
{"context":{"step":"VERIFYING_BUILD_SYSTEM","type":"INFO"},"level":"info","message":"build progress notification","timestamp":"2024-04-26T12:34:07.531Z"}
{"context":{"step":"DOWNLOADING_FIRMWARE","type":"INFO"},"level":"info","message":"build progress notification","timestamp":"2024-04-26T12:34:07.533Z"}
{"context":{"gitPath":"/usr/bin/git"},"level":"info","message":"git path","timestamp":"2024-04-26T12:34:07.546Z"}
{"context":{"arg":{"buildInProgress":true}},"level":"info","message":"received a request to update build status","timestamp":"2024-04-26T12:34:07.564Z"}
{"context":{"data":{"deviceName":"Diversity 900RX","dns":"elrs_rx.local","ip":"10.0.0.1","name":"elrs_rx_64B708AC187C","options":[{"enabled":true,"key":"DLOCK_ON_FIRST_CONNECTION","sensitive":false,"type":"Boolean","value":""}],"port":80,"target":"UNIFIED_ESP32_900_RX","type":"rx","vendor":"elrs","version":"master (d2def0)"},"type":"DEVICE_ADDED"},"level":"info","message":"multicast dns device added","timestamp":"2024-04-26T12:34:10.222Z"}
{"context":{"err":{"task":{"commands":["clone","--no-checkout","--filter=blob:none","https://github.com/ExpressLRS/ExpressLRS","/home/seger/.config/ExpressLRS Configurator/firmwares/binary/ExpressLRS"],"format":"utf-8"}}},"level":"error","message":"generic error","stack":[null],"timestamp":"2024-04-26T12:34:12.643Z"}
{"context":{"arg":{"buildInProgress":false}},"level":"info","message":"received a request to update build status","timestamp":"2024-04-26T12:34:12.663Z"}
{"context":{"strategy":"BinaryFlashingStrategy"},"level":"info","message":"picked flashing strategy","timestamp":"2024-04-26T12:34:21.293Z"}
{"context":{"gitRepositoryUrl":"https://github.com/ExpressLRS/ExpressLRS","params":{"erase":false,"firmware":{"gitBranch":"","gitCommit":"","gitPullRequest":null,"gitTag":"3.3.2","localPath":"","source":"GitRelease"},"forceFlash":false,"target":"happymodel.rx_2400.ep-dual.wifi","type":"Flash","userDefines":[{"enabled":true,"enumValues":null,"key":"DMY_BINDING_PHRASE","type":"Text","value":"***"},{"enabled":true,"enumValues":null,"key":"DRegulatory_Domain_EU_CE_2400","type":"Boolean","value":""},{"enabled":false,"enumValues":null,"key":"DRegulatory_Domain_ISM_2400","type":"Boolean","value":""},{"enabled":false,"enumValues":null,"key":"DHOME_WIFI_SSID","type":"Text","value":"***"},{"enabled":false,"enumValues":null,"key":"DHOME_WIFI_PASSWORD","type":"Text","value":"***"},{"enabled":true,"enumValues":null,"key":"DAUTO_WIFI_ON_INTERVAL","type":"Text","value":"20"},{"enabled":false,"enumValues":null,"key":"DRCVR_UART_BAUD","type":"Text","value":"420000"},{"enabled":true,"enumValues":null,"key":"DLOCK_ON_FIRST_CONNECTION","type":"Boolean","value":""}],"userDefinesMode":"UserInterface","userDefinesTxt":""}},"level":"info","message":"received build firmware request","timestamp":"2024-04-26T12:34:21.294Z"}
{"context":{"step":"VERIFYING_BUILD_SYSTEM","type":"INFO"},"level":"info","message":"build progress notification","timestamp":"2024-04-26T12:34:21.295Z"}
{"context":{"step":"DOWNLOADING_FIRMWARE","type":"INFO"},"level":"info","message":"build progress notification","timestamp":"2024-04-26T12:34:21.295Z"}
{"context":{"arg":{"buildInProgress":true}},"level":"info","message":"received a request to update build status","timestamp":"2024-04-26T12:34:21.305Z"}
{"context":{"gitPath":"/usr/bin/git"},"level":"info","message":"git path","timestamp":"2024-04-26T12:34:21.307Z"}
{"context":{"err":{"task":{"commands":["clone","--no-checkout","--filter=blob:none","https://github.com/ExpressLRS/ExpressLRS","/home/seger/.config/ExpressLRS Configurator/firmwares/binary/ExpressLRS"],"format":"utf-8"}}},"level":"error","message":"generic error","stack":[null],"timestamp":"2024-04-26T12:34:21.341Z"}
{"context":{"arg":{"buildInProgress":false}},"level":"info","message":"received a request to update build status","timestamp":"2024-04-26T12:34:21.351Z"}
{"context":{"strategy":"BinaryFlashingStrategy"},"level":"info","message":"picked flashing strategy","timestamp":"2024-04-26T12:34:23.526Z"}
{"context":{"strategy":"BinaryFlashingStrategy"},"level":"info","message":"picked flashing strategy","timestamp":"2024-04-26T12:34:23.539Z"}
{"context":{"gitPath":"/usr/bin/git"},"level":"info","message":"git path","timestamp":"2024-04-26T12:34:23.547Z"}
{"context":{"gitPath":"/usr/bin/git"},"level":"info","message":"git path","timestamp":"2024-04-26T12:34:23.548Z"}
{"context":{"strategy":"BinaryFlashingStrategy"},"level":"info","message":"picked flashing strategy","timestamp":"2024-04-26T12:34:57.933Z"}
{"context":{"gitRepositoryUrl":"https://github.com/ExpressLRS/ExpressLRS","params":{"erase":false,"firmware":{"gitBranch":"","gitCommit":"","gitPullRequest":null,"gitTag":"3.3.2","localPath":"","source":"GitRelease"},"forceFlash":false,"target":"happymodel.rx_2400.ep-dual.wifi","type":"Build","userDefines":[{"enabled":true,"enumValues":null,"key":"DMY_BINDING_PHRASE","type":"Text","value":"***"},{"enabled":true,"enumValues":null,"key":"DRegulatory_Domain_EU_CE_2400","type":"Boolean","value":""},{"enabled":false,"enumValues":null,"key":"DRegulatory_Domain_ISM_2400","type":"Boolean","value":""},{"enabled":false,"enumValues":null,"key":"DHOME_WIFI_SSID","type":"Text","value":"***"},{"enabled":false,"enumValues":null,"key":"DHOME_WIFI_PASSWORD","type":"Text","value":"***"},{"enabled":true,"enumValues":null,"key":"DAUTO_WIFI_ON_INTERVAL","type":"Text","value":"20"},{"enabled":false,"enumValues":null,"key":"DRCVR_UART_BAUD","type":"Text","value":"420000"},{"enabled":true,"enumValues":null,"key":"DLOCK_ON_FIRST_CONNECTION","type":"Boolean","value":""}],"userDefinesMode":"UserInterface","userDefinesTxt":""}},"level":"info","message":"received build firmware request","timestamp":"2024-04-26T12:34:57.935Z"}
{"context":{"step":"VERIFYING_BUILD_SYSTEM","type":"INFO"},"level":"info","message":"build progress notification","timestamp":"2024-04-26T12:34:57.936Z"}
{"context":{"step":"DOWNLOADING_FIRMWARE","type":"INFO"},"level":"info","message":"build progress notification","timestamp":"2024-04-26T12:34:57.937Z"}
{"context":{"gitPath":"/usr/bin/git"},"level":"info","message":"git path","timestamp":"2024-04-26T12:34:57.956Z"}
{"context":{"arg":{"buildInProgress":true}},"level":"info","message":"received a request to update build status","timestamp":"2024-04-26T12:34:57.973Z"}
{"context":{"err":{"task":{"commands":["clone","--no-checkout","--filter=blob:none","https://github.com/ExpressLRS/ExpressLRS","/home/seger/.config/ExpressLRS Configurator/firmwares/binary/ExpressLRS"],"format":"utf-8"}}},"level":"error","message":"generic error","stack":[null],"timestamp":"2024-04-26T12:34:58.008Z"}
{"context":{"arg":{"buildInProgress":false}},"level":"info","message":"received a request to update build status","timestamp":"2024-04-26T12:34:58.019Z"}
{"context":{"strategy":"BinaryFlashingStrategy"},"level":"info","message":"picked flashing strategy","timestamp":"2024-04-26T12:35:09.642Z"}
{"context":{"gitPath":"/usr/bin/git"},"level":"info","message":"git path","timestamp":"2024-04-26T12:35:09.653Z"}
{"context":{"strategy":"BinaryFlashingStrategy"},"level":"info","message":"picked flashing strategy","timestamp":"2024-04-26T12:35:09.655Z"}
{"context":{"gitPath":"/usr/bin/git"},"level":"info","message":"git path","timestamp":"2024-04-26T12:35:09.664Z"}
{"context":{"strategy":"BinaryFlashingStrategy"},"level":"info","message":"picked flashing strategy","timestamp":"2024-04-26T12:35:39.084Z"}
{"context":{"gitRepositoryUrl":"https://github.com/ExpressLRS/ExpressLRS","params":{"erase":false,"firmware":{"gitBranch":"","gitCommit":"","gitPullRequest":null,"gitTag":"3.3.2","localPath":"","source":"GitRelease"},"forceFlash":false,"serialDevice":"10.0.0.1","target":"happymodel.rx_2400.ep-dual.wifi","type":"Build","userDefines":[{"enabled":true,"enumValues":null,"key":"DMY_BINDING_PHRASE","type":"Text","value":"***"},{"enabled":true,"enumValues":null,"key":"DRegulatory_Domain_EU_CE_2400","type":"Boolean","value":""},{"enabled":false,"enumValues":null,"key":"DRegulatory_Domain_ISM_2400","type":"Boolean","value":""},{"enabled":false,"enumValues":null,"key":"DHOME_WIFI_SSID","type":"Text","value":"***"},{"enabled":false,"enumValues":null,"key":"DHOME_WIFI_PASSWORD","type":"Text","value":"***"},{"enabled":true,"enumValues":null,"key":"DAUTO_WIFI_ON_INTERVAL","type":"Text","value":"20"},{"enabled":false,"enumValues":null,"key":"DRCVR_UART_BAUD","type":"Text","value":"420000"},{"enabled":true,"enumValues":null,"key":"DLOCK_ON_FIRST_CONNECTION","type":"Boolean","value":""}],"userDefinesMode":"UserInterface","userDefinesTxt":""}},"level":"info","message":"received build firmware request","timestamp":"2024-04-26T12:35:39.085Z"}
{"context":{"step":"VERIFYING_BUILD_SYSTEM","type":"INFO"},"level":"info","message":"build progress notification","timestamp":"2024-04-26T12:35:39.086Z"}
{"context":{"step":"DOWNLOADING_FIRMWARE","type":"INFO"},"level":"info","message":"build progress notification","timestamp":"2024-04-26T12:35:39.086Z"}
{"context":{"gitPath":"/usr/bin/git"},"level":"info","message":"git path","timestamp":"2024-04-26T12:35:39.101Z"}
{"context":{"arg":{"buildInProgress":true}},"level":"info","message":"received a request to update build status","timestamp":"2024-04-26T12:35:39.102Z"}
{"context":{"err":{"task":{"commands":["clone","--no-checkout","--filter=blob:none","https://github.com/ExpressLRS/ExpressLRS","/home/seger/.config/ExpressLRS Configurator/firmwares/binary/ExpressLRS"],"format":"utf-8"}}},"level":"error","message":"generic error","stack":[null],"timestamp":"2024-04-26T12:35:39.171Z"}
{"context":{"arg":{"buildInProgress":false}},"level":"info","message":"received a request to update build status","timestamp":"2024-04-26T12:35:39.181Z"}
{"context":{"strategy":"BinaryFlashingStrategy"},"level":"info","message":"picked flashing strategy","timestamp":"2024-04-26T12:35:41.486Z"}
{"context":{"gitRepositoryUrl":"https://github.com/ExpressLRS/ExpressLRS","params":{"erase":false,"firmware":{"gitBranch":"","gitCommit":"","gitPullRequest":null,"gitTag":"3.3.2","localPath":"","source":"GitRelease"},"forceFlash":false,"serialDevice":"10.0.0.1","target":"happymodel.rx_2400.ep-dual.wifi","type":"Build","userDefines":[{"enabled":true,"enumValues":null,"key":"DMY_BINDING_PHRASE","type":"Text","value":"***"},{"enabled":true,"enumValues":null,"key":"DRegulatory_Domain_EU_CE_2400","type":"Boolean","value":""},{"enabled":false,"enumValues":null,"key":"DRegulatory_Domain_ISM_2400","type":"Boolean","value":""},{"enabled":false,"enumValues":null,"key":"DHOME_WIFI_SSID","type":"Text","value":"***"},{"enabled":false,"enumValues":null,"key":"DHOME_WIFI_PASSWORD","type":"Text","value":"***"},{"enabled":true,"enumValues":null,"key":"DAUTO_WIFI_ON_INTERVAL","type":"Text","value":"20"},{"enabled":false,"enumValues":null,"key":"DRCVR_UART_BAUD","type":"Text","value":"420000"},{"enabled":true,"enumValues":null,"key":"DLOCK_ON_FIRST_CONNECTION","type":"Boolean","value":""}],"userDefinesMode":"UserInterface","userDefinesTxt":""}},"level":"info","message":"received build firmware request","timestamp":"2024-04-26T12:35:41.487Z"}
{"context":{"step":"VERIFYING_BUILD_SYSTEM","type":"INFO"},"level":"info","message":"build progress notification","timestamp":"2024-04-26T12:35:41.487Z"}
{"context":{"step":"DOWNLOADING_FIRMWARE","type":"INFO"},"level":"info","message":"build progress notification","timestamp":"2024-04-26T12:35:41.488Z"}
{"context":{"arg":{"buildInProgress":true}},"level":"info","message":"received a request to update build status","timestamp":"2024-04-26T12:35:41.501Z"}
{"context":{"gitPath":"/usr/bin/git"},"level":"info","message":"git path","timestamp":"2024-04-26T12:35:41.503Z"}
{"context":{"err":{"task":{"commands":["clone","--no-checkout","--filter=blob:none","https://github.com/ExpressLRS/ExpressLRS","/home/seger/.config/ExpressLRS Configurator/firmwares/binary/ExpressLRS"],"format":"utf-8"}}},"level":"error","message":"generic error","stack":[null],"timestamp":"2024-04-26T12:35:41.541Z"}
{"context":{"arg":{"buildInProgress":false}},"level":"info","message":"received a request to update build status","timestamp":"2024-04-26T12:35:41.550Z"}
{"context":{"strategy":"BinaryFlashingStrategy"},"level":"info","message":"picked flashing strategy","timestamp":"2024-04-26T12:35:43.398Z"}
{"context":{"gitPath":"/usr/bin/git"},"level":"info","message":"git path","timestamp":"2024-04-26T12:35:43.408Z"}
{"context":{"strategy":"BinaryFlashingStrategy"},"level":"info","message":"picked flashing strategy","timestamp":"2024-04-26T12:35:43.410Z"}
{"context":{"gitPath":"/usr/bin/git"},"level":"info","message":"git path","timestamp":"2024-04-26T12:35:43.420Z"}
{"context":{"PATH":"/home/seger/bin:/usr/local/sbin:/usr/local/bin:/usr/sbin:/usr/bin:/sbin:/bin:/usr/games:/usr/local/games:/snap/bin:/snap/bin"},"level":"info","message":"path","timestamp":"2024-04-26T12:35:55.119Z"}
{"level":"info","message":"platform: linux","timestamp":"2024-04-26T12:35:55.121Z"}
{"level":"info","message":"os release: 6.5.0-28-generic","timestamp":"2024-04-26T12:35:55.121Z"}
{"level":"info","message":"trying to get port","timestamp":"2024-04-26T12:35:55.243Z"}
{"context":{"port":3500},"level":"info","message":"received unused port","timestamp":"2024-04-26T12:35:55.248Z"}
{"level":"info","message":"starting server...","timestamp":"2024-04-26T12:35:55.249Z"}
{"context":{"localesPath":"/opt/ExpressLRS Configurator/resources/i18n/locales"},"level":"info","message":"localesPath","timestamp":"2024-04-26T12:35:55.254Z"}
{"context":{"PATH":"/home/seger/bin:/usr/local/sbin:/usr/local/bin:/usr/sbin:/usr/bin:/sbin:/bin:/usr/games:/usr/local/games:/snap/bin:/snap/bin"},"level":"info","message":"local api server PATH","timestamp":"2024-04-26T12:35:55.254Z"}
{"level":"info","message":"server started","timestamp":"2024-04-26T12:35:55.383Z"}
{"context":{"arg":{"buildInProgress":false}},"level":"info","message":"received a request to update build status","timestamp":"2024-04-26T12:35:56.125Z"}
{"context":{"strategy":"BinaryFlashingStrategy"},"level":"info","message":"picked flashing strategy","timestamp":"2024-04-26T12:35:56.250Z"}
{"context":{"gitPath":"/usr/bin/git"},"level":"info","message":"git path","timestamp":"2024-04-26T12:35:56.269Z"}
{"context":{"data":{"deviceName":"Diversity 900RX","dns":"elrs_rx.local","ip":"10.0.0.1","name":"elrs_rx_64B708AC187C","options":[{"enabled":true,"key":"DLOCK_ON_FIRST_CONNECTION","sensitive":false,"type":"Boolean","value":""}],"port":80,"target":"UNIFIED_ESP32_900_RX","type":"rx","vendor":"elrs","version":"master (d2def0)"},"type":"DEVICE_ADDED"},"level":"info","message":"multicast dns device added","timestamp":"2024-04-26T12:36:05.422Z"}
{"context":{"data":{"deviceName":"Diversity 900RX","dns":"elrs_rx.local","ip":"10.0.0.1","name":"elrs_rx_64B708AC187C","options":[{"enabled":true,"key":"DLOCK_ON_FIRST_CONNECTION","sensitive":false,"type":"Boolean","value":""}],"port":80,"target":"UNIFIED_ESP32_900_RX","type":"rx","vendor":"elrs","version":"master (d2def0)"},"type":"DEVICE_REMOVED"},"level":"info","message":"multicast dns device removed","timestamp":"2024-04-26T12:36:24.482Z"}
